<?xml version="1.0" encoding="UTF-8"?>
<!-- Generated by org.testng.reporters.JUnitReportReporter -->
<testsuite hostname="DESKTOP-61595QD" name="testcases.VerifyPageTitle" tests="1" failures="0" timestamp="17 Apr 2017 08:52:44 GMT" time="3.532" errors="0">
  <testcase name="testHomePage" time="3.532" classname="testcases.VerifyPageTitle"/>
</testsuite> <!-- testcases.VerifyPageTitle -->
