<?xml version="1.0" encoding="UTF-8"?>
<!-- Generated by org.testng.reporters.JUnitReportReporter -->
<testsuite hostname="DESKTOP-61595QD" name="testcases.VerifyPageTitle" tests="1" failures="0" timestamp="17 Apr 2017 08:54:43 GMT" time="12.237" errors="0">
  <testcase name="testHomePage" time="12.237" classname="testcases.VerifyPageTitle"/>
</testsuite> <!-- testcases.VerifyPageTitle -->
