<?xml version="1.0" encoding="UTF-8"?>
<!-- Generated by org.testng.reporters.JUnitReportReporter -->
<testsuite hostname="DESKTOP-61595QD" name="testcases.VerifyValidLogin" tests="1" failures="0" timestamp="17 Apr 2017 08:54:43 GMT" time="22.659" errors="0">
  <testcase name="verifylogin" time="22.659" classname="testcases.VerifyValidLogin"/>
</testsuite> <!-- testcases.VerifyValidLogin -->
